#
# There is insufficient memory for the Java Runtime Environment to continue.
# Native memory allocation (mmap) failed to map 65536 bytes. Error detail: Failed to commit metaspace.
# Possible reasons:
#   The system is out of physical RAM or swap space
#   This process is running with CompressedOops enabled, and the Java Heap may be blocking the growth of the native heap
# Possible solutions:
#   Reduce memory load on the system
#   Increase physical memory or swap space
#   Check if swap backing store is full
#   Decrease Java heap size (-Xmx/-Xms)
#   Decrease number of Java threads
#   Decrease Java thread stack sizes (-Xss)
#   Set larger code cache with -XX:ReservedCodeCacheSize=
#   JVM is running with Unscaled Compressed Oops mode in which the Java heap is
#     placed in the first 4GB address space. The Java Heap base address is the
#     maximum limit for the native heap growth. Please use -XX:HeapBaseMinAddress
#     to set the Java Heap base and to place the Java Heap above 4GB virtual address.
# This output file may be truncated or incomplete.
#
#  Out of Memory Error (virtualSpaceNode.cpp:112), pid=18544, tid=6448
#
# JRE version: Java(TM) SE Runtime Environment (22.0.2+9) (build 22.0.2+9-70)
# Java VM: Java HotSpot(TM) 64-Bit Server VM (22.0.2+9-70, mixed mode, tiered, compressed oops, compressed class ptrs, g1 gc, windows-amd64)
# No core dump will be written. Minidumps are not enabled by default on client versions of Windows
#

---------------  S U M M A R Y ------------

Command Line: -javaagent:C:\Downloads\JetBrains\IntelliJ IDEA Community Edition 2024.2.1\lib\idea_rt.jar=55198:C:\Downloads\JetBrains\IntelliJ IDEA Community Edition 2024.2.1\bin -Dfile.encoding=UTF-8 -Dsun.stdout.encoding=UTF-8 -Dsun.stderr.encoding=UTF-8 DoublyCircular_Linkedlist

Host: Intel(R) Core(TM) i5-8350U CPU @ 1.70GHz, 8 cores, 7G,  Windows 11 , 64 bit Build 22621 (10.0.22621.5262)
Time: Tue Oct  7 02:53:34 2025 India Standard Time elapsed time: 0.180723 seconds (0d 0h 0m 0s)

---------------  T H R E A D  ---------------

Current thread (0x000002457f9ba760):  JavaThread "main"             [_thread_in_vm, id=6448, stack(0x000000af3f600000,0x000000af3f700000) (1024K)]

Stack: [0x000000af3f600000,0x000000af3f700000]
Native frames: (J=compiled Java code, j=interpreted, Vv=VM code, C=native code)
V  [jvm.dll+0x6e26e9]  (no source info available)
V  [jvm.dll+0x875753]  (no source info available)
V  [jvm.dll+0x877b7e]  (no source info available)
V  [jvm.dll+0x878253]  (no source info available)
V  [jvm.dll+0x27fc86]  (no source info available)
V  [jvm.dll+0x87139e]  (no source info available)
V  [jvm.dll+0x685755]  (no source info available)
V  [jvm.dll+0x6857ba]  (no source info available)
V  [jvm.dll+0x687ffa]  (no source info available)
V  [jvm.dll+0x224f6c]  (no source info available)
V  [jvm.dll+0x68616e]  (no source info available)
V  [jvm.dll+0x6c315e]  (no source info available)
V  [jvm.dll+0x3c3ce5]  (no source info available)
V  [jvm.dll+0x3c3c05]  (no source info available)
V  [jvm.dll+0x3da4d7]  (no source info available)
C  0x000002450f7dabe7  (no source info available)

The last pc belongs to anewarray (printed below).
Java frames: (J=compiled Java code, j=interpreted, Vv=VM code)
j  sun.reflect.annotation.AnnotationParser.<clinit>()V+1 java.base@22.0.2
v  ~StubRoutines::call_stub 0x000002450f7c100d
j  java.lang.reflect.Executable.declaredAnnotations()Ljava/util/Map;+62 java.base@22.0.2
j  java.lang.reflect.Executable.declaredAnnotations()Ljava/util/Map;+35 java.base@22.0.2
j  java.lang.reflect.Executable.getAnnotation(Ljava/lang/Class;)Ljava/lang/annotation/Annotation;+7 java.base@22.0.2
j  java.lang.reflect.Method.getAnnotation(Ljava/lang/Class;)Ljava/lang/annotation/Annotation;+2 java.base@22.0.2
j  java.lang.reflect.AnnotatedElement.isAnnotationPresent(Ljava/lang/Class;)Z+2 java.base@22.0.2
j  java.lang.reflect.AccessibleObject.isAnnotationPresent(Ljava/lang/Class;)Z+2 java.base@22.0.2
j  jdk.internal.reflect.Reflection.isCallerSensitive(Ljava/lang/reflect/Method;)Z+18 java.base@22.0.2
j  java.lang.reflect.Method.isCallerSensitive()Z+11 java.base@22.0.2
j  java.lang.reflect.Method.invoke(Ljava/lang/Object;[Ljava/lang/Object;)Ljava/lang/Object;+1 java.base@22.0.2
j  java.lang.Class.getEnumConstantsShared()[Ljava/lang/Object;+49 java.base@22.0.2
j  java.lang.System$2.getEnumConstantsShared(Ljava/lang/Class;)[Ljava/lang/Enum;+1 java.base@22.0.2
j  java.util.EnumMap.getKeyUniverse(Ljava/lang/Class;)[Ljava/lang/Enum;+4 java.base@22.0.2
j  java.util.EnumMap.<init>(Ljava/lang/Class;)V+16 java.base@22.0.2
j  java.util.stream.StreamOpFlag.set(Ljava/util/stream/StreamOpFlag$Type;)Ljava/util/stream/StreamOpFlag$MaskBuilder;+10 java.base@22.0.2
j  java.util.stream.StreamOpFlag.<clinit>()V+11 java.base@22.0.2
v  ~StubRoutines::call_stub 0x000002450f7c100d
j  java.util.stream.StreamSupport.stream(Ljava/util/Spliterator;Z)Ljava/util/stream/Stream;+11 java.base@22.0.2
j  java.util.Collection.stream()Ljava/util/stream/Stream;+7 java.base@22.0.2
j  jdk.internal.module.DefaultRoots.compute(Ljava/lang/module/ModuleFinder;Ljava/lang/module/ModuleFinder;)Ljava/util/Set;+6 java.base@22.0.2
j  jdk.internal.module.ModuleBootstrap.boot2()Ljava/lang/ModuleLayer;+731 java.base@22.0.2
j  jdk.internal.module.ModuleBootstrap.boot()Ljava/lang/ModuleLayer;+64 java.base@22.0.2
j  java.lang.System.initPhase2(ZZ)I+0 java.base@22.0.2
v  ~StubRoutines::call_stub 0x000002450f7c100d
anewarray  189 anewarray  [0x000002450f7dab80, 0x000002450f7dac70]  240 bytes
[MachCode]
  0x000002450f7dab80: 8b04 2448 | 83c4 0845 | 0fb7 4501 | 410f c841 | c1e8 1048 | 8b55 e848 | 8b52 0848 | 8b52 08e8 
  0x000002450f7daba0: 0500 0000 | e9ab 0000 | 004c 8bc8 | 488d 4424 | 084c 896d | c049 8bcf | c5f8 7749 | 89af b003 
  0x000002450f7dabc0: 0000 4989 | 87a0 0300 | 0048 83ec | 2040 f6c4 | 0f0f 8419 | 0000 0048 | 83ec 0848 | b860 a4d9 
  0x000002450f7dabe0: 7ff9 7f00 | 00ff d048 | 83c4 08e9 | 0c00 0000 | 48b8 60a4 | d97f f97f | 0000 ffd0 | 4883 c420 
  0x000002450f7dac00: 49c7 87a0 | 0300 0000 | 0000 0049 | c787 b003 | 0000 0000 | 0000 49c7 | 87a8 0300 | 0000 0000 
  0x000002450f7dac20: 00c5 f877 | 4983 7f08 | 000f 8405 | 0000 00e9 | cc62 feff | 498b 87f8 | 0300 0049 | c787 f803 
  0x000002450f7dac40: 0000 0000 | 0000 4c8b | 6dc0 4c8b | 75c8 4e8d | 74f5 00c3 | 410f b65d | 0349 83c5 | 0349 ba30 
  0x000002450f7dac60: 0964 80f9 | 7f00 0041 | ff24 da0f | 1f44 0000 
[/MachCode]

---------------  P R O C E S S  ---------------

Threads class SMR info:
_java_thread_list=0x000002451c2eaf30, length=9, elements={
0x000002457f9ba760, 0x000002451c2fe130, 0x000002451c2e7090, 0x000002451c2edd90,
0x000002451c2ee7f0, 0x000002451c2ef9f0, 0x000002451c3197c0, 0x000002451c32c2f0,
0x000002451c32e9f0
}

Java Threads: ( => current thread )
=>0x000002457f9ba760 JavaThread "main"                              [_thread_in_vm, id=6448, stack(0x000000af3f600000,0x000000af3f700000) (1024K)]
  0x000002451c2fe130 JavaThread "Reference Handler"          daemon [_thread_blocked, id=5444, stack(0x000000af3fe00000,0x000000af3ff00000) (1024K)]
  0x000002451c2e7090 JavaThread "Finalizer"                  daemon [_thread_blocked, id=4104, stack(0x000000af3ff00000,0x000000af40000000) (1024K)]
  0x000002451c2edd90 JavaThread "Signal Dispatcher"          daemon [_thread_blocked, id=19296, stack(0x000000af40000000,0x000000af40100000) (1024K)]
  0x000002451c2ee7f0 JavaThread "Attach Listener"            daemon [_thread_blocked, id=9716, stack(0x000000af40100000,0x000000af40200000) (1024K)]
  0x000002451c2ef9f0 JavaThread "Service Thread"             daemon [_thread_blocked, id=18228, stack(0x000000af40200000,0x000000af40300000) (1024K)]
  0x000002451c3197c0 JavaThread "Monitor Deflation Thread"   daemon [_thread_blocked, id=3112, stack(0x000000af40300000,0x000000af40400000) (1024K)]
  0x000002451c32c2f0 JavaThread "C2 CompilerThread0"         daemon [_thread_blocked, id=12692, stack(0x000000af40400000,0x000000af40500000) (1024K)]
  0x000002451c32e9f0 JavaThread "C1 CompilerThread0"         daemon [_thread_blocked, id=17356, stack(0x000000af40500000,0x000000af40600000) (1024K)]
Total: 9

Other Threads:
  0x000002451c2813a0 VMThread "VM Thread"                           [id=3812, stack(0x000000af3fd00000,0x000000af3fe00000) (1024K)]
  0x000002451bfdd780 WatcherThread "VM Periodic Task Thread"        [id=6108, stack(0x000000af3fc00000,0x000000af3fd00000) (1024K)]
  0x000002457fa11330 WorkerThread "GC Thread#0"                     [id=2548, stack(0x000000af3f700000,0x000000af3f800000) (1024K)]
  0x000002457fa60010 ConcurrentGCThread "G1 Main Marker"            [id=15056, stack(0x000000af3f800000,0x000000af3f900000) (1024K)]
  0x000002457fa612c0 WorkerThread "G1 Conc#0"                       [id=19260, stack(0x000000af3f900000,0x000000af3fa00000) (1024K)]
  0x000002451beaf430 ConcurrentGCThread "G1 Refine#0"               [id=12340, stack(0x000000af3fa00000,0x000000af3fb00000) (1024K)]
  0x000002451beaffb0 ConcurrentGCThread "G1 Service"                [id=16160, stack(0x000000af3fb00000,0x000000af3fc00000) (1024K)]
Total: 7

Threads with active compile tasks:
Total: 0

VM state: not at safepoint (normal execution)

VM Mutex/Monitor currently owned by a thread:  ([mutex/lock_event])
[0x00007ff98062ab00] Metaspace_lock - owner thread: 0x000002457f9ba760
[0x00007ff98062b880] MultiArray_lock - owner thread: 0x000002457f9ba760

Heap address: 0x0000000082200000, size: 2014 MB, Compressed Oops mode: 32-bit

CDS archive(s) not mapped
Compressed class space mapped at: 0x0000000027000000-0x0000000067000000, reserved size: 1073741824
Narrow klass base: 0x0000000000000000, Narrow klass shift: 0, Narrow klass range: 0x67000000

GC Precious Log:
 CardTable entry size: 512
 Card Set container configuration: InlinePtr #cards 5 size 8 Array Of Cards #cards 12 size 40 Howl #buckets 4 coarsen threshold 1843 Howl Bitmap #cards 512 size 80 coarsen threshold 460 Card regions per heap region 1 cards per card region 2048
 CPUs: 8 total, 8 available
 Memory: 8050M
 Large Page Support: Disabled
 NUMA Support: Disabled
 Compressed Oops: Enabled (32-bit)
 Heap Region Size: 1M
 Heap Min Capacity: 8M
 Heap Initial Capacity: 126M
 Heap Max Capacity: 2014M
 Pre-touch: Disabled
 Parallel Workers: 8
 Concurrent Workers: 2
 Concurrent Refinement Workers: 8
 Periodic GC: Disabled

Heap:
 garbage-first heap   total reserved 2062336K, committed 129024K, used 1024K [0x0000000082200000, 0x0000000100000000)
  region size 1024K, 2 young (2048K), 0 survivors (0K)
 Metaspace       used 4050K, committed 4096K, reserved 1114112K
  class space    used 319K, committed 320K, reserved 1048576K

Heap Regions: E=young(eden), S=young(survivor), O=old, HS=humongous(starts), HC=humongous(continues), CS=collection set, F=free, TAMS=top-at-mark-start, PB=parsable bottom
|   0|0x0000000082200000, 0x0000000082200000, 0x0000000082300000|  0%| F|  |TAMS 0x0000000082200000| PB 0x0000000082200000| Untracked |  0
|   1|0x0000000082300000, 0x0000000082300000, 0x0000000082400000|  0%| F|  |TAMS 0x0000000082300000| PB 0x0000000082300000| Untracked |  0
|   2|0x0000000082400000, 0x0000000082400000, 0x0000000082500000|  0%| F|  |TAMS 0x0000000082400000| PB 0x0000000082400000| Untracked |  0
|   3|0x0000000082500000, 0x0000000082500000, 0x0000000082600000|  0%| F|  |TAMS 0x0000000082500000| PB 0x0000000082500000| Untracked |  0
|   4|0x0000000082600000, 0x0000000082600000, 0x0000000082700000|  0%| F|  |TAMS 0x0000000082600000| PB 0x0000000082600000| Untracked |  0
|   5|0x0000000082700000, 0x0000000082700000, 0x0000000082800000|  0%| F|  |TAMS 0x0000000082700000| PB 0x0000000082700000| Untracked |  0
|   6|0x0000000082800000, 0x0000000082800000, 0x0000000082900000|  0%| F|  |TAMS 0x0000000082800000| PB 0x0000000082800000| Untracked |  0
|   7|0x0000000082900000, 0x0000000082900000, 0x0000000082a00000|  0%| F|  |TAMS 0x0000000082900000| PB 0x0000000082900000| Untracked |  0
|   8|0x0000000082a00000, 0x0000000082a00000, 0x0000000082b00000|  0%| F|  |TAMS 0x0000000082a00000| PB 0x0000000082a00000| Untracked |  0
|   9|0x0000000082b00000, 0x0000000082b00000, 0x0000000082c00000|  0%| F|  |TAMS 0x0000000082b00000| PB 0x0000000082b00000| Untracked |  0
|  10|0x0000000082c00000, 0x0000000082c00000, 0x0000000082d00000|  0%| F|  |TAMS 0x0000000082c00000| PB 0x0000000082c00000| Untracked |  0
|  11|0x0000000082d00000, 0x0000000082d00000, 0x0000000082e00000|  0%| F|  |TAMS 0x0000000082d00000| PB 0x0000000082d00000| Untracked |  0
|  12|0x0000000082e00000, 0x0000000082e00000, 0x0000000082f00000|  0%| F|  |TAMS 0x0000000082e00000| PB 0x0000000082e00000| Untracked |  0
|  13|0x0000000082f00000, 0x0000000082f00000, 0x0000000083000000|  0%| F|  |TAMS 0x0000000082f00000| PB 0x0000000082f00000| Untracked |  0
|  14|0x0000000083000000, 0x0000000083000000, 0x0000000083100000|  0%| F|  |TAMS 0x0000000083000000| PB 0x0000000083000000| Untracked |  0
|  15|0x0000000083100000, 0x0000000083100000, 0x0000000083200000|  0%| F|  |TAMS 0x0000000083100000| PB 0x0000000083100000| Untracked |  0
|  16|0x0000000083200000, 0x0000000083200000, 0x0000000083300000|  0%| F|  |TAMS 0x0000000083200000| PB 0x0000000083200000| Untracked |  0
|  17|0x0000000083300000, 0x0000000083300000, 0x0000000083400000|  0%| F|  |TAMS 0x0000000083300000| PB 0x0000000083300000| Untracked |  0
|  18|0x0000000083400000, 0x0000000083400000, 0x0000000083500000|  0%| F|  |TAMS 0x0000000083400000| PB 0x0000000083400000| Untracked |  0
|  19|0x0000000083500000, 0x0000000083500000, 0x0000000083600000|  0%| F|  |TAMS 0x0000000083500000| PB 0x0000000083500000| Untracked |  0
|  20|0x0000000083600000, 0x0000000083600000, 0x0000000083700000|  0%| F|  |TAMS 0x0000000083600000| PB 0x0000000083600000| Untracked |  0
|  21|0x0000000083700000, 0x0000000083700000, 0x0000000083800000|  0%| F|  |TAMS 0x0000000083700000| PB 0x0000000083700000| Untracked |  0
|  22|0x0000000083800000, 0x0000000083800000, 0x0000000083900000|  0%| F|  |TAMS 0x0000000083800000| PB 0x0000000083800000| Untracked |  0
|  23|0x0000000083900000, 0x0000000083900000, 0x0000000083a00000|  0%| F|  |TAMS 0x0000000083900000| PB 0x0000000083900000| Untracked |  0
|  24|0x0000000083a00000, 0x0000000083a00000, 0x0000000083b00000|  0%| F|  |TAMS 0x0000000083a00000| PB 0x0000000083a00000| Untracked |  0
|  25|0x0000000083b00000, 0x0000000083b00000, 0x0000000083c00000|  0%| F|  |TAMS 0x0000000083b00000| PB 0x0000000083b00000| Untracked |  0
|  26|0x0000000083c00000, 0x0000000083c00000, 0x0000000083d00000|  0%| F|  |TAMS 0x0000000083c00000| PB 0x0000000083c00000| Untracked |  0
|  27|0x0000000083d00000, 0x0000000083d00000, 0x0000000083e00000|  0%| F|  |TAMS 0x0000000083d00000| PB 0x0000000083d00000| Untracked |  0
|  28|0x0000000083e00000, 0x0000000083e00000, 0x0000000083f00000|  0%| F|  |TAMS 0x0000000083e00000| PB 0x0000000083e00000| Untracked |  0
|  29|0x0000000083f00000, 0x0000000083f00000, 0x0000000084000000|  0%| F|  |TAMS 0x0000000083f00000| PB 0x0000000083f00000| Untracked |  0
|  30|0x0000000084000000, 0x0000000084000000, 0x0000000084100000|  0%| F|  |TAMS 0x0000000084000000| PB 0x0000000084000000| Untracked |  0
|  31|0x0000000084100000, 0x0000000084100000, 0x0000000084200000|  0%| F|  |TAMS 0x0000000084100000| PB 0x0000000084100000| Untracked |  0
|  32|0x0000000084200000, 0x0000000084200000, 0x0000000084300000|  0%| F|  |TAMS 0x0000000084200000| PB 0x0000000084200000| Untracked |  0
|  33|0x0000000084300000, 0x0000000084300000, 0x0000000084400000|  0%| F|  |TAMS 0x0000000084300000| PB 0x0000000084300000| Untracked |  0
|  34|0x0000000084400000, 0x0000000084400000, 0x0000000084500000|  0%| F|  |TAMS 0x0000000084400000| PB 0x0000000084400000| Untracked |  0
|  35|0x0000000084500000, 0x0000000084500000, 0x0000000084600000|  0%| F|  |TAMS 0x0000000084500000| PB 0x0000000084500000| Untracked |  0
|  36|0x0000000084600000, 0x0000000084600000, 0x0000000084700000|  0%| F|  |TAMS 0x0000000084600000| PB 0x0000000084600000| Untracked |  0
|  37|0x0000000084700000, 0x0000000084700000, 0x0000000084800000|  0%| F|  |TAMS 0x0000000084700000| PB 0x0000000084700000| Untracked |  0
|  38|0x0000000084800000, 0x0000000084800000, 0x0000000084900000|  0%| F|  |TAMS 0x0000000084800000| PB 0x0000000084800000| Untracked |  0
|  39|0x0000000084900000, 0x0000000084900000, 0x0000000084a00000|  0%| F|  |TAMS 0x0000000084900000| PB 0x0000000084900000| Untracked |  0
|  40|0x0000000084a00000, 0x0000000084a00000, 0x0000000084b00000|  0%| F|  |TAMS 0x0000000084a00000| PB 0x0000000084a00000| Untracked |  0
|  41|0x0000000084b00000, 0x0000000084b00000, 0x0000000084c00000|  0%| F|  |TAMS 0x0000000084b00000| PB 0x0000000084b00000| Untracked |  0
|  42|0x0000000084c00000, 0x0000000084c00000, 0x0000000084d00000|  0%| F|  |TAMS 0x0000000084c00000| PB 0x0000000084c00000| Untracked |  0
|  43|0x0000000084d00000, 0x0000000084d00000, 0x0000000084e00000|  0%| F|  |TAMS 0x0000000084d00000| PB 0x0000000084d00000| Untracked |  0
|  44|0x0000000084e00000, 0x0000000084e00000, 0x0000000084f00000|  0%| F|  |TAMS 0x0000000084e00000| PB 0x0000000084e00000| Untracked |  0
|  45|0x0000000084f00000, 0x0000000084f00000, 0x0000000085000000|  0%| F|  |TAMS 0x0000000084f00000| PB 0x0000000084f00000| Untracked |  0
|  46|0x0000000085000000, 0x0000000085000000, 0x0000000085100000|  0%| F|  |TAMS 0x0000000085000000| PB 0x0000000085000000| Untracked |  0
|  47|0x0000000085100000, 0x0000000085100000, 0x0000000085200000|  0%| F|  |TAMS 0x0000000085100000| PB 0x0000000085100000| Untracked |  0
|  48|0x0000000085200000, 0x0000000085200000, 0x0000000085300000|  0%| F|  |TAMS 0x0000000085200000| PB 0x0000000085200000| Untracked |  0
|  49|0x0000000085300000, 0x0000000085300000, 0x0000000085400000|  0%| F|  |TAMS 0x0000000085300000| PB 0x0000000085300000| Untracked |  0
|  50|0x0000000085400000, 0x0000000085400000, 0x0000000085500000|  0%| F|  |TAMS 0x0000000085400000| PB 0x0000000085400000| Untracked |  0
|  51|0x0000000085500000, 0x0000000085500000, 0x0000000085600000|  0%| F|  |TAMS 0x0000000085500000| PB 0x0000000085500000| Untracked |  0
|  52|0x0000000085600000, 0x0000000085600000, 0x0000000085700000|  0%| F|  |TAMS 0x0000000085600000| PB 0x0000000085600000| Untracked |  0
|  53|0x0000000085700000, 0x0000000085700000, 0x0000000085800000|  0%| F|  |TAMS 0x0000000085700000| PB 0x0000000085700000| Untracked |  0
|  54|0x0000000085800000, 0x0000000085800000, 0x0000000085900000|  0%| F|  |TAMS 0x0000000085800000| PB 0x0000000085800000| Untracked |  0
|  55|0x0000000085900000, 0x0000000085900000, 0x0000000085a00000|  0%| F|  |TAMS 0x0000000085900000| PB 0x0000000085900000| Untracked |  0
|  56|0x0000000085a00000, 0x0000000085a00000, 0x0000000085b00000|  0%| F|  |TAMS 0x0000000085a00000| PB 0x0000000085a00000| Untracked |  0
|  57|0x0000000085b00000, 0x0000000085b00000, 0x0000000085c00000|  0%| F|  |TAMS 0x0000000085b00000| PB 0x0000000085b00000| Untracked |  0
|  58|0x0000000085c00000, 0x0000000085c00000, 0x0000000085d00000|  0%| F|  |TAMS 0x0000000085c00000| PB 0x0000000085c00000| Untracked |  0
|  59|0x0000000085d00000, 0x0000000085d00000, 0x0000000085e00000|  0%| F|  |TAMS 0x0000000085d00000| PB 0x0000000085d00000| Untracked |  0
|  60|0x0000000085e00000, 0x0000000085e00000, 0x0000000085f00000|  0%| F|  |TAMS 0x0000000085e00000| PB 0x0000000085e00000| Untracked |  0
|  61|0x0000000085f00000, 0x0000000085f00000, 0x0000000086000000|  0%| F|  |TAMS 0x0000000085f00000| PB 0x0000000085f00000| Untracked |  0
|  62|0x0000000086000000, 0x0000000086000000, 0x0000000086100000|  0%| F|  |TAMS 0x0000000086000000| PB 0x0000000086000000| Untracked |  0
|  63|0x0000000086100000, 0x0000000086100000, 0x0000000086200000|  0%| F|  |TAMS 0x0000000086100000| PB 0x0000000086100000| Untracked |  0
|  64|0x0000000086200000, 0x0000000086200000, 0x0000000086300000|  0%| F|  |TAMS 0x0000000086200000| PB 0x0000000086200000| Untracked |  0
|  65|0x0000000086300000, 0x0000000086300000, 0x0000000086400000|  0%| F|  |TAMS 0x0000000086300000| PB 0x0000000086300000| Untracked |  0
|  66|0x0000000086400000, 0x0000000086400000, 0x0000000086500000|  0%| F|  |TAMS 0x0000000086400000| PB 0x0000000086400000| Untracked |  0
|  67|0x0000000086500000, 0x0000000086500000, 0x0000000086600000|  0%| F|  |TAMS 0x0000000086500000| PB 0x0000000086500000| Untracked |  0
|  68|0x0000000086600000, 0x0000000086600000, 0x0000000086700000|  0%| F|  |TAMS 0x0000000086600000| PB 0x0000000086600000| Untracked |  0
|  69|0x0000000086700000, 0x0000000086700000, 0x0000000086800000|  0%| F|  |TAMS 0x0000000086700000| PB 0x0000000086700000| Untracked |  0
|  70|0x0000000086800000, 0x0000000086800000, 0x0000000086900000|  0%| F|  |TAMS 0x0000000086800000| PB 0x0000000086800000| Untracked |  0
|  71|0x0000000086900000, 0x0000000086900000, 0x0000000086a00000|  0%| F|  |TAMS 0x0000000086900000| PB 0x0000000086900000| Untracked |  0
|  72|0x0000000086a00000, 0x0000000086a00000, 0x0000000086b00000|  0%| F|  |TAMS 0x0000000086a00000| PB 0x0000000086a00000| Untracked |  0
|  73|0x0000000086b00000, 0x0000000086b00000, 0x0000000086c00000|  0%| F|  |TAMS 0x0000000086b00000| PB 0x0000000086b00000| Untracked |  0
|  74|0x0000000086c00000, 0x0000000086c00000, 0x0000000086d00000|  0%| F|  |TAMS 0x0000000086c00000| PB 0x0000000086c00000| Untracked |  0
|  75|0x0000000086d00000, 0x0000000086d00000, 0x0000000086e00000|  0%| F|  |TAMS 0x0000000086d00000| PB 0x0000000086d00000| Untracked |  0
|  76|0x0000000086e00000, 0x0000000086e00000, 0x0000000086f00000|  0%| F|  |TAMS 0x0000000086e00000| PB 0x0000000086e00000| Untracked |  0
|  77|0x0000000086f00000, 0x0000000086f00000, 0x0000000087000000|  0%| F|  |TAMS 0x0000000086f00000| PB 0x0000000086f00000| Untracked |  0
|  78|0x0000000087000000, 0x0000000087000000, 0x0000000087100000|  0%| F|  |TAMS 0x0000000087000000| PB 0x0000000087000000| Untracked |  0
|  79|0x0000000087100000, 0x0000000087100000, 0x0000000087200000|  0%| F|  |TAMS 0x0000000087100000| PB 0x0000000087100000| Untracked |  0
|  80|0x0000000087200000, 0x0000000087200000, 0x0000000087300000|  0%| F|  |TAMS 0x0000000087200000| PB 0x0000000087200000| Untracked |  0
|  81|0x0000000087300000, 0x0000000087300000, 0x0000000087400000|  0%| F|  |TAMS 0x0000000087300000| PB 0x0000000087300000| Untracked |  0
|  82|0x0000000087400000, 0x0000000087400000, 0x0000000087500000|  0%| F|  |TAMS 0x0000000087400000| PB 0x0000000087400000| Untracked |  0
|  83|0x0000000087500000, 0x0000000087500000, 0x0000000087600000|  0%| F|  |TAMS 0x0000000087500000| PB 0x0000000087500000| Untracked |  0
|  84|0x0000000087600000, 0x0000000087600000, 0x0000000087700000|  0%| F|  |TAMS 0x0000000087600000| PB 0x0000000087600000| Untracked |  0
|  85|0x0000000087700000, 0x0000000087700000, 0x0000000087800000|  0%| F|  |TAMS 0x0000000087700000| PB 0x0000000087700000| Untracked |  0
|  86|0x0000000087800000, 0x0000000087800000, 0x0000000087900000|  0%| F|  |TAMS 0x0000000087800000| PB 0x0000000087800000| Untracked |  0
|  87|0x0000000087900000, 0x0000000087900000, 0x0000000087a00000|  0%| F|  |TAMS 0x0000000087900000| PB 0x0000000087900000| Untracked |  0
|  88|0x0000000087a00000, 0x0000000087a00000, 0x0000000087b00000|  0%| F|  |TAMS 0x0000000087a00000| PB 0x0000000087a00000| Untracked |  0
|  89|0x0000000087b00000, 0x0000000087b00000, 0x0000000087c00000|  0%| F|  |TAMS 0x0000000087b00000| PB 0x0000000087b00000| Untracked |  0
|  90|0x0000000087c00000, 0x0000000087c00000, 0x0000000087d00000|  0%| F|  |TAMS 0x0000000087c00000| PB 0x0000000087c00000| Untracked |  0
|  91|0x0000000087d00000, 0x0000000087d00000, 0x0000000087e00000|  0%| F|  |TAMS 0x0000000087d00000| PB 0x0000000087d00000| Untracked |  0
|  92|0x0000000087e00000, 0x0000000087e00000, 0x0000000087f00000|  0%| F|  |TAMS 0x0000000087e00000| PB 0x0000000087e00000| Untracked |  0
|  93|0x0000000087f00000, 0x0000000087f00000, 0x0000000088000000|  0%| F|  |TAMS 0x0000000087f00000| PB 0x0000000087f00000| Untracked |  0
|  94|0x0000000088000000, 0x0000000088000000, 0x0000000088100000|  0%| F|  |TAMS 0x0000000088000000| PB 0x0000000088000000| Untracked |  0
|  95|0x0000000088100000, 0x0000000088100000, 0x0000000088200000|  0%| F|  |TAMS 0x0000000088100000| PB 0x0000000088100000| Untracked |  0
|  96|0x0000000088200000, 0x0000000088200000, 0x0000000088300000|  0%| F|  |TAMS 0x0000000088200000| PB 0x0000000088200000| Untracked |  0
|  97|0x0000000088300000, 0x0000000088300000, 0x0000000088400000|  0%| F|  |TAMS 0x0000000088300000| PB 0x0000000088300000| Untracked |  0
|  98|0x0000000088400000, 0x0000000088400000, 0x0000000088500000|  0%| F|  |TAMS 0x0000000088400000| PB 0x0000000088400000| Untracked |  0
|  99|0x0000000088500000, 0x0000000088500000, 0x0000000088600000|  0%| F|  |TAMS 0x0000000088500000| PB 0x0000000088500000| Untracked |  0
| 100|0x0000000088600000, 0x0000000088600000, 0x0000000088700000|  0%| F|  |TAMS 0x0000000088600000| PB 0x0000000088600000| Untracked |  0
| 101|0x0000000088700000, 0x0000000088700000, 0x0000000088800000|  0%| F|  |TAMS 0x0000000088700000| PB 0x0000000088700000| Untracked |  0
| 102|0x0000000088800000, 0x0000000088800000, 0x0000000088900000|  0%| F|  |TAMS 0x0000000088800000| PB 0x0000000088800000| Untracked |  0
| 103|0x0000000088900000, 0x0000000088900000, 0x0000000088a00000|  0%| F|  |TAMS 0x0000000088900000| PB 0x0000000088900000| Untracked |  0
| 104|0x0000000088a00000, 0x0000000088a00000, 0x0000000088b00000|  0%| F|  |TAMS 0x0000000088a00000| PB 0x0000000088a00000| Untracked |  0
| 105|0x0000000088b00000, 0x0000000088b00000, 0x0000000088c00000|  0%| F|  |TAMS 0x0000000088b00000| PB 0x0000000088b00000| Untracked |  0
| 106|0x0000000088c00000, 0x0000000088c00000, 0x0000000088d00000|  0%| F|  |TAMS 0x0000000088c00000| PB 0x0000000088c00000| Untracked |  0
| 107|0x0000000088d00000, 0x0000000088d00000, 0x0000000088e00000|  0%| F|  |TAMS 0x0000000088d00000| PB 0x0000000088d00000| Untracked |  0
| 108|0x0000000088e00000, 0x0000000088e00000, 0x0000000088f00000|  0%| F|  |TAMS 0x0000000088e00000| PB 0x0000000088e00000| Untracked |  0
| 109|0x0000000088f00000, 0x0000000088f00000, 0x0000000089000000|  0%| F|  |TAMS 0x0000000088f00000| PB 0x0000000088f00000| Untracked |  0
| 110|0x0000000089000000, 0x0000000089000000, 0x0000000089100000|  0%| F|  |TAMS 0x0000000089000000| PB 0x0000000089000000| Untracked |  0
| 111|0x0000000089100000, 0x0000000089100000, 0x0000000089200000|  0%| F|  |TAMS 0x0000000089100000| PB 0x0000000089100000| Untracked |  0
| 112|0x0000000089200000, 0x0000000089200000, 0x0000000089300000|  0%| F|  |TAMS 0x0000000089200000| PB 0x0000000089200000| Untracked |  0
| 113|0x0000000089300000, 0x0000000089300000, 0x0000000089400000|  0%| F|  |TAMS 0x0000000089300000| PB 0x0000000089300000| Untracked |  0
| 114|0x0000000089400000, 0x0000000089400000, 0x0000000089500000|  0%| F|  |TAMS 0x0000000089400000| PB 0x0000000089400000| Untracked |  0
| 115|0x0000000089500000, 0x0000000089500000, 0x0000000089600000|  0%| F|  |TAMS 0x0000000089500000| PB 0x0000000089500000| Untracked |  0
| 116|0x0000000089600000, 0x0000000089600000, 0x0000000089700000|  0%| F|  |TAMS 0x0000000089600000| PB 0x0000000089600000| Untracked |  0
| 117|0x0000000089700000, 0x0000000089700000, 0x0000000089800000|  0%| F|  |TAMS 0x0000000089700000| PB 0x0000000089700000| Untracked |  0
| 118|0x0000000089800000, 0x0000000089800000, 0x0000000089900000|  0%| F|  |TAMS 0x0000000089800000| PB 0x0000000089800000| Untracked |  0
| 119|0x0000000089900000, 0x0000000089900000, 0x0000000089a00000|  0%| F|  |TAMS 0x0000000089900000| PB 0x0000000089900000| Untracked |  0
| 120|0x0000000089a00000, 0x0000000089a00000, 0x0000000089b00000|  0%| F|  |TAMS 0x0000000089a00000| PB 0x0000000089a00000| Untracked |  0
| 121|0x0000000089b00000, 0x0000000089b00000, 0x0000000089c00000|  0%| F|  |TAMS 0x0000000089b00000| PB 0x0000000089b00000| Untracked |  0
| 122|0x0000000089c00000, 0x0000000089c00000, 0x0000000089d00000|  0%| F|  |TAMS 0x0000000089c00000| PB 0x0000000089c00000| Untracked |  0
| 123|0x0000000089d00000, 0x0000000089d00000, 0x0000000089e00000|  0%| F|  |TAMS 0x0000000089d00000| PB 0x0000000089d00000| Untracked |  0
| 124|0x0000000089e00000, 0x0000000089e7ae28, 0x0000000089f00000| 48%| E|  |TAMS 0x0000000089e00000| PB 0x0000000089e00000| Complete |  0
| 125|0x0000000089f00000, 0x000000008a000000, 0x000000008a000000|100%| E|CS|TAMS 0x0000000089f00000| PB 0x0000000089f00000| Complete |  0

Card table byte_map: [0x0000024517680000,0x0000024517a70000] _byte_map_base: 0x000002451726f000

Marking Bits: (CMBitMap*) 0x000002457fa11a40
 Bits: [0x0000024517a70000, 0x00000245199e8000)

Polling page: 0x000002457f180000

Metaspace:

Usage:
  Non-class:      3.64 MB used.
      Class:    319.61 KB used.
       Both:      3.96 MB used.

Virtual space:
  Non-class space:       64.00 MB reserved,       3.69 MB (  6%) committed,  1 nodes.
      Class space:        1.00 GB reserved,     320.00 KB ( <1%) committed,  1 nodes.
             Both:        1.06 GB reserved,       4.00 MB ( <1%) committed. 

Chunk freelists:
   Non-Class:  12.00 MB
       Class:  15.62 MB
        Both:  27.62 MB

MaxMetaspaceSize: unlimited
CompressedClassSpaceSize: 1.00 GB
Initial GC threshold: 21.00 MB
Current GC threshold: 21.00 MB
CDS: off
 - commit_granule_bytes: 65536.
 - commit_granule_words: 8192.
 - virtual_space_node_default_size: 8388608.
 - enlarge_chunks_in_place: 1.
 - use_allocation_guard: 0.


Internal statistics:

num_allocs_failed_limit: 0.
num_arena_births: 2.
num_arena_deaths: 0.
num_vsnodes_births: 2.
num_vsnodes_deaths: 0.
num_space_committed: 64.
num_space_uncommitted: 0.
num_chunks_returned_to_freelist: 0.
num_chunks_taken_from_freelist: 4.
num_chunk_merges: 0.
num_chunk_splits: 2.
num_chunks_enlarged: 0.
num_inconsistent_stats: 0.

CodeHeap 'non-profiled nmethods': size=120000Kb used=3Kb max_used=3Kb free=119996Kb
 bounds [0x000002450fd60000, 0x000002450ffd0000, 0x0000024517290000]
CodeHeap 'profiled nmethods': size=120000Kb used=41Kb max_used=41Kb free=119958Kb
 bounds [0x0000024508290000, 0x0000024508500000, 0x000002450f7c0000]
CodeHeap 'non-nmethods': size=5760Kb used=1173Kb max_used=1173Kb free=4586Kb
 bounds [0x000002450f7c0000, 0x000002450fa30000, 0x000002450fd60000]
 total_blobs=337 nmethods=33 adapters=209
 compilation: enabled
              stopped_count=0, restarted_count=0
 full_count=0

Compilation events (20 events):
Event: 0.156 Thread 0x000002451c32e9f0   24       3       java.lang.String::charAt (25 bytes)
Event: 0.156 Thread 0x000002451c32e9f0 nmethod 24 0x0000024508297c90 code [0x0000024508297e60, 0x00000245082981e8]
Event: 0.156 Thread 0x000002451c32e9f0   25       3       java.lang.StringLatin1::charAt (15 bytes)
Event: 0.156 Thread 0x000002451c32e9f0 nmethod 25 0x0000024508298390 code [0x0000024508298540, 0x0000024508298708]
Event: 0.156 Thread 0x000002451c32e9f0   26       3       java.lang.String::checkIndex (10 bytes)
Event: 0.156 Thread 0x000002451c32e9f0 nmethod 26 0x0000024508298810 code [0x00000245082989a0, 0x0000024508298ad8]
Event: 0.156 Thread 0x000002451c32e9f0   27       3       jdk.internal.util.Preconditions::checkIndex (18 bytes)
Event: 0.156 Thread 0x000002451c32e9f0 nmethod 27 0x0000024508298b90 code [0x0000024508298d40, 0x0000024508298ed0]
Event: 0.156 Thread 0x000002451c32e9f0   28       1       java.lang.module.ModuleReference::descriptor (5 bytes)
Event: 0.157 Thread 0x000002451c32e9f0 nmethod 28 0x000002450fd60a10 code [0x000002450fd60ba0, 0x000002450fd60c68]
Event: 0.169 Thread 0x000002451c32e9f0   29       3       java.lang.String::isEmpty (14 bytes)
Event: 0.169 Thread 0x000002451c32e9f0 nmethod 29 0x0000024508298f90 code [0x0000024508299120, 0x0000024508299288]
Event: 0.171 Thread 0x000002451c32e9f0   30       3       java.util.ImmutableCollections$SetN$SetNIterator::hasNext (13 bytes)
Event: 0.171 Thread 0x000002451c32e9f0 nmethod 30 0x0000024508299310 code [0x00000245082994a0, 0x0000024508299600]
Event: 0.171 Thread 0x000002451c32e9f0   31       3       java.util.concurrent.ConcurrentHashMap::tabAt (22 bytes)
Event: 0.172 Thread 0x000002451c32e9f0 nmethod 31 0x0000024508299690 code [0x0000024508299840, 0x0000024508299ae8]
Event: 0.172 Thread 0x000002451c32e9f0   33       3       java.util.ImmutableCollections$SetN$SetNIterator::next (90 bytes)
Event: 0.172 Thread 0x000002451c32e9f0 nmethod 33 0x0000024508299c10 code [0x0000024508299de0, 0x000002450829a0c8]
Event: 0.172 Thread 0x000002451c32e9f0   32       3       jdk.internal.misc.Unsafe::getReferenceAcquire (7 bytes)
Event: 0.172 Thread 0x000002451c32e9f0 nmethod 32 0x000002450829a210 code [0x000002450829a3a0, 0x000002450829a4f8]

GC Heap History (0 events):
No events

Dll operation events (2 events):
Event: 0.012 Loaded shared library C:\Program Files\Java\jdk-22\bin\java.dll
Event: 0.128 Loaded shared library C:\Program Files\Java\jdk-22\bin\jsvml.dll

Deoptimization events (0 events):
No events

Classes loaded (20 events):
Event: 0.177 Loading class java/util/stream/ReferencePipeline done
Event: 0.177 Loading class java/util/stream/ReferencePipeline$Head done
Event: 0.177 Loading class java/util/stream/StreamOpFlag
Event: 0.177 Loading class java/util/stream/StreamOpFlag done
Event: 0.177 Loading class java/util/stream/StreamOpFlag$Type
Event: 0.177 Loading class java/util/stream/StreamOpFlag$Type done
Event: 0.177 Loading class java/util/stream/StreamOpFlag$MaskBuilder
Event: 0.177 Loading class java/util/stream/StreamOpFlag$MaskBuilder done
Event: 0.177 Loading class java/util/EnumMap
Event: 0.178 Loading class java/util/EnumMap done
Event: 0.178 Loading class java/util/EnumMap$1
Event: 0.178 Loading class java/util/EnumMap$1 done
Event: 0.178 Loading class java/lang/PublicMethods$MethodList
Event: 0.178 Loading class java/lang/PublicMethods$MethodList done
Event: 0.178 Loading class java/lang/PublicMethods$Key
Event: 0.178 Loading class java/lang/PublicMethods$Key done
Event: 0.178 Loading class java/lang/Class$3
Event: 0.178 Loading class java/lang/Class$3 done
Event: 0.178 Loading class sun/reflect/annotation/AnnotationParser
Event: 0.179 Loading class sun/reflect/annotation/AnnotationParser done

Classes unloaded (0 events):
No events

Classes redefined (0 events):
No events

Internal exceptions (0 events):
No events

ZGC Phase Switch (0 events):
No events

VM Operations (0 events):
No events

Memory protections (0 events):
No events

Nmethod flushes (0 events):
No events

Events (9 events):
Event: 0.022 Thread 0x000002457f9ba760 Thread added: 0x000002457f9ba760
Event: 0.123 Thread 0x000002457f9ba760 Thread added: 0x000002451c2fe130
Event: 0.123 Thread 0x000002457f9ba760 Thread added: 0x000002451c2e7090
Event: 0.125 Thread 0x000002457f9ba760 Thread added: 0x000002451c2edd90
Event: 0.125 Thread 0x000002457f9ba760 Thread added: 0x000002451c2ee7f0
Event: 0.125 Thread 0x000002457f9ba760 Thread added: 0x000002451c2ef9f0
Event: 0.126 Thread 0x000002457f9ba760 Thread added: 0x000002451c3197c0
Event: 0.126 Thread 0x000002457f9ba760 Thread added: 0x000002451c32c2f0
Event: 0.126 Thread 0x000002457f9ba760 Thread added: 0x000002451c32e9f0


Dynamic libraries:
0x00007ff61dfc0000 - 0x00007ff61dfd0000 	C:\Program Files\Java\jdk-22\bin\java.exe
0x00007ff9e6130000 - 0x00007ff9e6347000 	C:\WINDOWS\SYSTEM32\ntdll.dll
0x00007ff9e5be0000 - 0x00007ff9e5ca4000 	C:\WINDOWS\System32\KERNEL32.DLL
0x00007ff9e33c0000 - 0x00007ff9e3793000 	C:\WINDOWS\System32\KERNELBASE.dll
0x00007ff9e3be0000 - 0x00007ff9e3cf1000 	C:\WINDOWS\System32\ucrtbase.dll
0x00007ff9d9d50000 - 0x00007ff9d9d67000 	C:\Program Files\Java\jdk-22\bin\jli.dll
0x00007ff9d5eb0000 - 0x00007ff9d5ecb000 	C:\Program Files\Java\jdk-22\bin\VCRUNTIME140.dll
0x00007ff9e54d0000 - 0x00007ff9e5681000 	C:\WINDOWS\System32\USER32.dll
0x00007ff9e3220000 - 0x00007ff9e3246000 	C:\WINDOWS\System32\win32u.dll
0x00007ff9b73f0000 - 0x00007ff9b768b000 	C:\WINDOWS\WinSxS\amd64_microsoft.windows.common-controls_6595b64144ccf1df_6.0.22621.5262_none_2712bde373830908\COMCTL32.dll
0x00007ff9e5da0000 - 0x00007ff9e5dc9000 	C:\WINDOWS\System32\GDI32.dll
0x00007ff9e5420000 - 0x00007ff9e54c7000 	C:\WINDOWS\System32\msvcrt.dll
0x00007ff9e38f0000 - 0x00007ff9e3a12000 	C:\WINDOWS\System32\gdi32full.dll
0x00007ff9e3850000 - 0x00007ff9e38ea000 	C:\WINDOWS\System32\msvcp_win.dll
0x00007ff9e58e0000 - 0x00007ff9e5911000 	C:\WINDOWS\System32\IMM32.DLL
0x00007ff9dace0000 - 0x00007ff9dacec000 	C:\Program Files\Java\jdk-22\bin\vcruntime140_1.dll
0x00007ff9cdca0000 - 0x00007ff9cdd2e000 	C:\Program Files\Java\jdk-22\bin\msvcp140.dll
0x00007ff97f9c0000 - 0x00007ff980709000 	C:\Program Files\Java\jdk-22\bin\server\jvm.dll
0x00007ff9e4ee0000 - 0x00007ff9e4f91000 	C:\WINDOWS\System32\ADVAPI32.dll
0x00007ff9e3f70000 - 0x00007ff9e4017000 	C:\WINDOWS\System32\sechost.dll
0x00007ff9e37a0000 - 0x00007ff9e37c8000 	C:\WINDOWS\System32\bcrypt.dll
0x00007ff9e5fd0000 - 0x00007ff9e60e4000 	C:\WINDOWS\System32\RPCRT4.dll
0x00007ff9e5d20000 - 0x00007ff9e5d91000 	C:\WINDOWS\System32\WS2_32.dll
0x00007ff9dae10000 - 0x00007ff9dae44000 	C:\WINDOWS\SYSTEM32\WINMM.dll
0x00007ff9e30f0000 - 0x00007ff9e313d000 	C:\WINDOWS\SYSTEM32\POWRPROF.dll
0x00007ff9db290000 - 0x00007ff9db29a000 	C:\WINDOWS\SYSTEM32\VERSION.dll
0x00007ff9e30d0000 - 0x00007ff9e30e3000 	C:\WINDOWS\SYSTEM32\UMPDC.dll
0x00007ff9e2260000 - 0x00007ff9e2278000 	C:\WINDOWS\SYSTEM32\kernel.appcore.dll
0x00007ff9daa40000 - 0x00007ff9daa4a000 	C:\Program Files\Java\jdk-22\bin\jimage.dll
0x00007ff9ddbd0000 - 0x00007ff9dde02000 	C:\WINDOWS\SYSTEM32\DBGHELP.DLL
0x00007ff9e4080000 - 0x00007ff9e4413000 	C:\WINDOWS\System32\combase.dll
0x00007ff9e5800000 - 0x00007ff9e58d7000 	C:\WINDOWS\System32\OLEAUT32.dll
0x00007ff9c11f0000 - 0x00007ff9c1222000 	C:\WINDOWS\SYSTEM32\dbgcore.DLL
0x00007ff9e37d0000 - 0x00007ff9e384b000 	C:\WINDOWS\System32\bcryptPrimitives.dll
0x00007ff9d9980000 - 0x00007ff9d998f000 	C:\Program Files\Java\jdk-22\bin\instrument.dll
0x00007ff9ce2d0000 - 0x00007ff9ce2ee000 	C:\Program Files\Java\jdk-22\bin\java.dll
0x00007ff9e4420000 - 0x00007ff9e4cbd000 	C:\WINDOWS\System32\SHELL32.dll
0x00007ff9e3aa0000 - 0x00007ff9e3bdf000 	C:\WINDOWS\System32\wintypes.dll
0x00007ff9e5a30000 - 0x00007ff9e5bd1000 	C:\WINDOWS\System32\ole32.dll
0x00007ff9e1160000 - 0x00007ff9e1a7d000 	C:\WINDOWS\SYSTEM32\windows.storage.dll
0x00007ff9e5920000 - 0x00007ff9e5a2b000 	C:\WINDOWS\System32\SHCORE.dll
0x00007ff9e5cb0000 - 0x00007ff9e5d16000 	C:\WINDOWS\System32\shlwapi.dll
0x00007ff9e3150000 - 0x00007ff9e317b000 	C:\WINDOWS\SYSTEM32\profapi.dll
0x00007ff9cac50000 - 0x00007ff9cad27000 	C:\Program Files\Java\jdk-22\bin\jsvml.dll

dbghelp: loaded successfully - version: 4.0.5 - missing functions: none
symbol engine: initialized successfully - sym options: 0x614 - pdb path: .;C:\Program Files\Java\jdk-22\bin;C:\WINDOWS\SYSTEM32;C:\WINDOWS\WinSxS\amd64_microsoft.windows.common-controls_6595b64144ccf1df_6.0.22621.5262_none_2712bde373830908;C:\Program Files\Java\jdk-22\bin\server

VM Arguments:
jvm_args: -javaagent:C:\Downloads\JetBrains\IntelliJ IDEA Community Edition 2024.2.1\lib\idea_rt.jar=55198:C:\Downloads\JetBrains\IntelliJ IDEA Community Edition 2024.2.1\bin -Dfile.encoding=UTF-8 -Dsun.stdout.encoding=UTF-8 -Dsun.stderr.encoding=UTF-8 
java_command: DoublyCircular_Linkedlist
java_class_path (initial): C:\Users\anike\OneDrive\Desktop\DSA\DSA\out\production\DSA
Launcher Type: SUN_STANDARD

[Global flags]
     intx CICompilerCount                          = 4                                         {product} {ergonomic}
     uint ConcGCThreads                            = 2                                         {product} {ergonomic}
     uint G1ConcRefinementThreads                  = 8                                         {product} {ergonomic}
   size_t G1HeapRegionSize                         = 1048576                                   {product} {ergonomic}
   size_t InitialHeapSize                          = 132120576                                 {product} {ergonomic}
   size_t MarkStackSize                            = 4194304                                   {product} {ergonomic}
   size_t MaxHeapSize                              = 2111832064                                {product} {ergonomic}
   size_t MaxNewSize                               = 1266679808                                {product} {ergonomic}
   size_t MinHeapDeltaBytes                        = 1048576                                   {product} {ergonomic}
   size_t MinHeapSize                              = 8388608                                   {product} {ergonomic}
    uintx NonNMethodCodeHeapSize                   = 5839372                                {pd product} {ergonomic}
    uintx NonProfiledCodeHeapSize                  = 122909434                              {pd product} {ergonomic}
    uintx ProfiledCodeHeapSize                     = 122909434                              {pd product} {ergonomic}
    uintx ReservedCodeCacheSize                    = 251658240                              {pd product} {ergonomic}
     bool SegmentedCodeCache                       = true                                      {product} {ergonomic}
   size_t SoftMaxHeapSize                          = 2111832064                             {manageable} {ergonomic}
     bool UseCompressedOops                        = true                           {product lp64_product} {ergonomic}
     bool UseG1GC                                  = true                                      {product} {ergonomic}
     bool UseLargePagesIndividualAllocation        = false                                  {pd product} {ergonomic}

Logging:
Log output configuration:
 #0: stdout all=warning uptime,level,tags foldmultilines=false
 #1: stderr all=off uptime,level,tags foldmultilines=false

Environment Variables:
PATH=C:\Program Files\Common Files\Oracle\Java\javapath;C:\WINDOWS;C:\WINDOWS\System32\Wbem;C:\WINDOWS\System32\WindowsPowerShell\v1.0\;C:\WINDOWS\System32\OpenSSH\;C:\WINDOWS\system32;C:\Program Files\nodejs\;C:\Program Files\kotlinc\bin;C:\Program Files\MySQL\MySQL Shell 8.0\bin;C:\Program Files\MySQL\MySQL Shell 8.0\bin\;C:\Users\anike\AppData\Local\Programs\Microsoft VS Code\bin;C:\Users\anike\AppData\Local\Microsoft\WindowsApps;C:\MinGW\bin;C:\Users\anike\AppData\Roaming\npm;C:\Downloads\JetBrains\IntelliJ IDEA Community Edition 2024.2.1\bin;;C:\Users\anike\AppData\Local\GitHubDesktop\bin;C:\Program Files\MySQL\MySQL Shell 8.0\bin;C:\Users\anike\OneDrive\Desktop\mongosh\
USERNAME=anike
OS=Windows_NT
PROCESSOR_IDENTIFIER=Intel64 Family 6 Model 142 Stepping 10, GenuineIntel
TMP=C:\Users\anike\AppData\Local\Temp
TEMP=C:\Users\anike\AppData\Local\Temp




Periodic native trim disabled

---------------  S Y S T E M  ---------------

OS:
 Windows 11 , 64 bit Build 22621 (10.0.22621.5262)
OS uptime: 1 days 13:45 hours

CPU: total 8 (initial active 8) (4 cores per cpu, 2 threads per core) family 6 model 142 stepping 10 microcode 0xf4, cx8, cmov, fxsr, ht, mmx, 3dnowpref, sse, sse2, sse3, ssse3, sse4.1, sse4.2, popcnt, lzcnt, tsc, tscinvbit, avx, avx2, aes, erms, clmul, bmi1, bmi2, rtm, adx, fma, vzeroupper, clflush, clflushopt, rdtscp, f16c
Processor Information for all 8 processors :
  Max Mhz: 1896, Current Mhz: 1696, Mhz Limit: 1687

Memory: 4k page, system-wide physical 8050M (914M free)
TotalPageFile size 14349M (AvailPageFile size 202M)
current process WorkingSet (physical memory assigned to process): 28M, peak: 28M
current process commit charge ("private bytes"): 198M, peak: 202M

vm_info: Java HotSpot(TM) 64-Bit Server VM (22.0.2+9-70) for windows-amd64 JRE (22.0.2+9-70), built on 2024-06-04T16:52:23Z by "mach5one" with MS VC++ 17.6 (VS2022)

END.
